Start testing: May 15 23:20 CEST
----------------------------------------------------------
1/2 Testing: boost_test_2
1/2 Test: boost_test_2
Command: "/home/sami/Documents/travail/sami_project/cpluscplus_package/tests/boost_test_2"
Directory: /home/sami/Documents/travail/sami_project/cpluscplus_package/tests
"boost_test_2" start time: May 15 23:20 CEST
Output:
----------------------------------------------------------
Running 2 test cases...

[1;32;49m*** No errors detected
[0;39;49m
<end of output>
Test time =   0.01 sec
----------------------------------------------------------
Test Passed.
"boost_test_2" end time: May 15 23:20 CEST
"boost_test_2" time elapsed: 00:00:00
----------------------------------------------------------

2/2 Testing: boost_test_1
2/2 Test: boost_test_1
Command: "/home/sami/Documents/travail/sami_project/cpluscplus_package/tests/boost_test_1"
Directory: /home/sami/Documents/travail/sami_project/cpluscplus_package/tests
"boost_test_1" start time: May 15 23:20 CEST
Output:
----------------------------------------------------------
Running 2 test cases...

[1;32;49m*** No errors detected
[0;39;49m
<end of output>
Test time =   0.07 sec
----------------------------------------------------------
Test Passed.
"boost_test_1" end time: May 15 23:20 CEST
"boost_test_1" time elapsed: 00:00:00
----------------------------------------------------------

End testing: May 15 23:20 CEST
